{"level":"info","message":"Express server listening on 9000, in development mode","timestamp":"2014-07-28T11:04:27.507Z"}
{"level":"info","message":"Express server listening on 9000, in development mode","timestamp":"2014-07-28T11:05:28.413Z"}
{"level":"info","message":"Express server listening on 9000, in development mode","timestamp":"2014-07-28T11:05:52.331Z"}
{"level":"info","message":"Express server listening on 9000, in development mode","timestamp":"2014-08-06T10:16:20.763Z"}
{"level":"info","message":"Express server listening on 9000, in development mode","timestamp":"2014-08-06T10:20:04.281Z"}
{"level":"info","message":"Express server listening on 9000, in development mode","timestamp":"2014-08-07T10:06:06.402Z"}
{"level":"info","message":"Express server listening on 9000, in development mode","timestamp":"2014-08-08T11:13:29.578Z"}
{"level":"info","message":"Express server listening on 9000, in development mode","timestamp":"2014-08-09T07:01:06.764Z"}
{"level":"info","message":"Express server listening on 9000, in development mode","timestamp":"2014-08-09T07:09:33.227Z"}
{"level":"info","message":"Express server listening on 9000, in development mode","timestamp":"2014-08-09T07:25:38.059Z"}
{"level":"info","message":"Express server listening on 9000, in development mode","timestamp":"2014-08-09T07:57:55.131Z"}
{"level":"info","message":"Express server listening on 9000, in development mode","timestamp":"2014-08-09T08:02:18.235Z"}
{"level":"info","message":"Express server listening on 9000, in development mode","timestamp":"2014-08-09T08:02:36.804Z"}
{"level":"info","message":"Express server listening on 9000, in development mode","timestamp":"2014-08-09T08:09:09.253Z"}
{"level":"info","message":"Express server listening on 9000, in development mode","timestamp":"2014-08-09T08:09:47.851Z"}
{"level":"info","message":"Express server listening on 9000, in development mode","timestamp":"2014-08-09T08:09:54.872Z"}
{"level":"info","message":"Express server listening on 9000, in development mode","timestamp":"2014-08-09T10:03:41.172Z"}
{"level":"info","message":"Express server listening on 9000, in development mode","timestamp":"2014-08-09T10:07:56.627Z"}
{"level":"info","message":"Express server listening on 9000, in development mode","timestamp":"2014-08-09T10:26:01.420Z"}
{"level":"info","message":"Express server listening on 9000, in development mode","timestamp":"2014-08-09T10:30:12.753Z"}
{"level":"info","message":"Express server listening on 9000, in development mode","timestamp":"2014-08-09T10:32:30.821Z"}
{"level":"info","message":"Express server listening on 9000, in development mode","timestamp":"2014-08-09T10:42:02.047Z"}
{"level":"info","message":"Express server listening on 9000, in development mode","timestamp":"2014-08-09T10:46:40.403Z"}
{"level":"info","message":"Express server listening on 9000, in development mode","timestamp":"2014-08-09T10:48:15.029Z"}
{"level":"info","message":"Express server listening on 9000, in development mode","timestamp":"2014-08-09T10:51:44.278Z"}
{"level":"info","message":"Express server listening on 9000, in development mode","timestamp":"2014-08-09T10:51:51.949Z"}
{"level":"info","message":"Express server listening on 9000, in development mode","timestamp":"2014-08-09T10:56:39.086Z"}
{"level":"info","message":"Express server listening on 9000, in development mode","timestamp":"2014-08-09T11:00:41.192Z"}
{"level":"info","message":"Express server listening on 9000, in development mode","timestamp":"2014-08-09T11:06:46.830Z"}
{"level":"info","message":"Express server listening on 9000, in development mode","timestamp":"2014-08-09T11:17:33.560Z"}
{"level":"info","message":"Express server listening on 9000, in development mode","timestamp":"2014-08-09T11:18:12.232Z"}
{"level":"info","message":"Express server listening on 9000, in development mode","timestamp":"2014-08-09T11:49:18.254Z"}
{"level":"info","message":"Express server listening on 9000, in development mode","timestamp":"2014-08-09T11:51:24.783Z"}
{"level":"info","message":"Express server listening on 9000, in development mode","timestamp":"2014-08-09T11:57:22.539Z"}
{"level":"info","message":"Express server listening on 9000, in development mode","timestamp":"2014-08-09T11:58:42.118Z"}
{"level":"info","message":"Express server listening on 9000, in development mode","timestamp":"2014-08-09T11:59:02.705Z"}
{"level":"info","message":"Express server listening on 9000, in development mode","timestamp":"2014-08-09T11:59:19.297Z"}
{"level":"info","message":"Express server listening on 9000, in development mode","timestamp":"2014-08-09T12:01:26.716Z"}
{"level":"info","message":"Express server listening on 9000, in development mode","timestamp":"2014-08-09T12:01:45.936Z"}
{"level":"info","message":"Express server listening on 9000, in development mode","timestamp":"2014-08-09T12:06:48.840Z"}
{"level":"info","message":"Express server listening on 9000, in development mode","timestamp":"2014-08-09T12:07:23.370Z"}
{"level":"info","message":"Express server listening on 9000, in development mode","timestamp":"2014-08-10T01:35:20.988Z"}
{"level":"info","message":"Express server listening on 9000, in development mode","timestamp":"2014-08-10T01:35:48.435Z"}
{"level":"info","message":"Express server listening on 9000, in development mode","timestamp":"2014-08-10T01:36:02.719Z"}
{"level":"info","message":"Express server listening on 9000, in development mode","timestamp":"2014-08-10T01:36:12.270Z"}
{"level":"info","message":"Express server listening on 9000, in development mode","timestamp":"2014-08-10T01:36:18.598Z"}
{"level":"info","message":"Express server listening on 9000, in development mode","timestamp":"2014-08-10T01:37:10.924Z"}
{"level":"info","message":"Express server listening on 9000, in development mode","timestamp":"2014-08-10T01:37:18.281Z"}
{"level":"info","message":"Express server listening on 9000, in development mode","timestamp":"2014-08-10T01:37:41.054Z"}
{"level":"info","message":"Express server listening on 9000, in development mode","timestamp":"2014-08-10T01:39:51.233Z"}
{"level":"info","message":"Express server listening on 9000, in development mode","timestamp":"2014-08-10T01:40:34.412Z"}
{"level":"info","message":"Express server listening on 9000, in development mode","timestamp":"2014-08-10T01:42:54.808Z"}
{"level":"info","message":"Express server listening on 9000, in development mode","timestamp":"2014-08-10T01:43:29.889Z"}
{"level":"info","message":"Express server listening on 9000, in development mode","timestamp":"2014-08-10T01:45:18.258Z"}
{"level":"info","message":"Express server listening on 9000, in development mode","timestamp":"2014-08-10T01:48:30.672Z"}
{"level":"info","message":"Express server listening on 9000, in development mode","timestamp":"2014-08-10T01:49:45.159Z"}
{"level":"info","message":"Express server listening on 9000, in development mode","timestamp":"2014-08-10T01:50:42.248Z"}
{"level":"info","message":"Express server listening on 9000, in development mode","timestamp":"2014-08-10T01:51:24.321Z"}
{"level":"info","message":"Express server listening on 9000, in development mode","timestamp":"2014-08-10T01:52:24.380Z"}
{"level":"info","message":"Express server listening on 9000, in development mode","timestamp":"2014-08-10T01:53:13.347Z"}
{"level":"info","message":"Express server listening on 9000, in development mode","timestamp":"2014-08-10T08:57:56.416Z"}
{"level":"info","message":"Express server listening on 9000, in development mode","timestamp":"2014-08-10T08:58:12.939Z"}
{"level":"info","message":"Express server listening on 9000, in development mode","timestamp":"2014-08-10T08:58:30.382Z"}
{"level":"info","message":"Express server listening on 9000, in development mode","timestamp":"2014-08-10T08:58:40.995Z"}
{"level":"info","message":"Express server listening on 9000, in development mode","timestamp":"2014-08-10T09:09:31.968Z"}
{"level":"info","message":"Express server listening on 9000, in development mode","timestamp":"2014-08-10T09:09:59.106Z"}
{"level":"info","message":"Express server listening on 9000, in development mode","timestamp":"2014-08-10T09:11:18.363Z"}
{"level":"info","message":"Express server listening on 9000, in development mode","timestamp":"2014-08-10T09:12:27.576Z"}
{"level":"info","message":"Express server listening on 9000, in development mode","timestamp":"2014-08-10T09:19:04.358Z"}
{"level":"info","message":"Express server listening on 9000, in development mode","timestamp":"2014-08-10T09:19:35.336Z"}
{"level":"info","message":"Express server listening on 9000, in development mode","timestamp":"2014-08-10T09:20:00.296Z"}
{"level":"info","message":"Express server listening on 9000, in development mode","timestamp":"2014-08-10T09:20:15.850Z"}
{"level":"info","message":"Express server listening on 9000, in development mode","timestamp":"2014-08-10T09:20:45.000Z"}
{"level":"info","message":"Express server listening on 9000, in development mode","timestamp":"2014-08-10T09:21:26.240Z"}
{"level":"info","message":"Express server listening on 9000, in development mode","timestamp":"2014-08-10T09:21:52.831Z"}
{"level":"info","message":"Express server listening on 9000, in development mode","timestamp":"2014-08-10T09:22:20.527Z"}
{"level":"info","message":"Express server listening on 9000, in development mode","timestamp":"2014-08-10T09:25:07.498Z"}
{"level":"info","message":"Express server listening on 9000, in development mode","timestamp":"2014-08-10T09:26:12.556Z"}
{"level":"info","message":"Express server listening on 9000, in development mode","timestamp":"2014-08-12T10:56:48.468Z"}
{"level":"info","message":"Express server listening on 9000, in development mode","timestamp":"2014-08-12T10:57:39.512Z"}
{"level":"info","message":"Express server listening on 9000, in development mode","timestamp":"2014-08-12T10:58:13.577Z"}
{"level":"info","message":"Express server listening on 9000, in development mode","timestamp":"2014-08-12T10:59:02.109Z"}
{"level":"info","message":"Express server listening on 9000, in development mode","timestamp":"2014-08-12T11:05:32.284Z"}
{"level":"info","message":"Express server listening on 9000, in development mode","timestamp":"2014-08-12T11:07:50.333Z"}
{"level":"info","message":"Express server listening on 9000, in development mode","timestamp":"2014-08-12T11:08:19.655Z"}
{"level":"info","message":"Express server listening on 9000, in development mode","timestamp":"2014-08-12T11:09:23.185Z"}
{"level":"info","message":"Express server listening on 9000, in development mode","timestamp":"2014-08-12T11:09:54.644Z"}
{"level":"info","message":"Express server listening on 9000, in development mode","timestamp":"2014-08-12T11:10:54.463Z"}
{"level":"info","message":"Express server listening on 9000, in development mode","timestamp":"2014-08-12T11:11:20.908Z"}
{"level":"info","message":"Express server listening on 9000, in development mode","timestamp":"2014-08-12T11:11:31.180Z"}
{"level":"info","message":"Express server listening on 9000, in development mode","timestamp":"2014-08-12T11:12:59.198Z"}
{"level":"info","message":"Express server listening on 9000, in development mode","timestamp":"2014-08-12T11:13:30.397Z"}
{"level":"info","message":"Express server listening on 9000, in development mode","timestamp":"2014-08-12T11:13:51.188Z"}
{"level":"info","message":"Express server listening on 9000, in development mode","timestamp":"2014-08-12T11:15:00.036Z"}
{"level":"info","message":"Express server listening on 9000, in development mode","timestamp":"2014-08-12T11:15:23.465Z"}
{"level":"info","message":"Express server listening on 9000, in development mode","timestamp":"2014-08-12T11:15:31.565Z"}
{"level":"info","message":"Express server listening on 9000, in development mode","timestamp":"2014-08-12T11:16:24.873Z"}
{"level":"info","message":"Express server listening on 9000, in development mode","timestamp":"2014-08-12T11:17:16.432Z"}
{"level":"info","message":"Express server listening on 9000, in development mode","timestamp":"2014-08-12T11:18:25.772Z"}
{"level":"info","message":"Express server listening on 9000, in development mode","timestamp":"2014-08-12T11:18:53.108Z"}
{"level":"info","message":"Express server listening on 9000, in development mode","timestamp":"2014-08-12T11:44:51.390Z"}
{"level":"info","message":"Express server listening on 9000, in development mode","timestamp":"2014-08-12T11:48:40.082Z"}
{"level":"info","message":"Express server listening on 9000, in development mode","timestamp":"2014-08-12T11:49:20.293Z"}
{"level":"info","message":"Express server listening on 9000, in development mode","timestamp":"2014-08-12T11:50:11.720Z"}
{"level":"info","message":"Express server listening on 9000, in development mode","timestamp":"2014-08-12T11:53:50.763Z"}
{"level":"info","message":"Express server listening on 9000, in development mode","timestamp":"2014-08-12T11:58:04.343Z"}
{"level":"info","message":"Express server listening on 9000, in development mode","timestamp":"2014-08-12T11:58:16.823Z"}
{"level":"info","message":"Express server listening on 9000, in development mode","timestamp":"2014-08-12T11:59:38.174Z"}
{"level":"info","message":"Express server listening on 9000, in development mode","timestamp":"2014-08-12T12:00:24.280Z"}
{"level":"info","message":"Express server listening on 9000, in development mode","timestamp":"2014-08-12T12:00:49.421Z"}
{"level":"info","message":"Express server listening on 9000, in development mode","timestamp":"2014-08-12T12:01:27.691Z"}
{"level":"info","message":"User collection empty so added default admin user","timestamp":"2014-08-12T12:01:28.010Z"}
{"level":"info","message":"Express server listening on 9000, in development mode","timestamp":"2014-08-12T12:01:45.813Z"}
{"level":"info","message":"Express server listening on 9000, in development mode","timestamp":"2014-08-12T12:02:02.715Z"}
{"level":"info","message":"Express server listening on 9000, in development mode","timestamp":"2014-08-13T11:04:59.677Z"}
{"level":"info","message":"Express server listening on 9000, in development mode","timestamp":"2014-08-13T11:05:52.449Z"}
{"level":"info","message":"Express server listening on 9000, in development mode","timestamp":"2014-08-13T11:05:59.456Z"}
{"level":"info","message":"Express server listening on 9000, in development mode","timestamp":"2014-08-13T11:06:36.501Z"}
{"level":"info","message":"Express server listening on 9000, in development mode","timestamp":"2014-08-13T11:06:53.462Z"}
{"level":"info","message":"Express server listening on 9000, in development mode","timestamp":"2014-08-13T11:07:25.612Z"}
{"level":"info","message":"Express server listening on 9000, in development mode","timestamp":"2014-08-13T11:07:48.560Z"}
{"level":"info","message":"Express server listening on 9000, in development mode","timestamp":"2014-08-13T11:08:57.985Z"}
{"level":"info","message":"Express server listening on 9000, in development mode","timestamp":"2014-08-13T11:09:33.665Z"}
{"level":"info","message":"Express server listening on 9000, in development mode","timestamp":"2014-08-13T11:12:31.891Z"}
{"level":"info","message":"Express server listening on 9000, in development mode","timestamp":"2014-08-13T11:13:03.073Z"}
{"level":"info","message":"Mongoose connection open to mongodb://localhost/hstation-dev","timestamp":"2014-08-13T11:13:03.086Z"}
{"level":"info","message":"Express server listening on 9000, in development mode","timestamp":"2014-08-13T11:13:55.044Z"}
{"level":"info","message":"Mongoose connection open to mongodb://localhost/hstation-dev","timestamp":"2014-08-13T11:13:55.061Z"}
{"level":"info","message":"Mongoose disconnected","timestamp":"2014-08-13T11:14:31.566Z"}
{"level":"info","message":"Express server listening on 9000, in development mode","timestamp":"2014-08-13T11:14:34.814Z"}
{"level":"info","message":"Mongoose connection open to mongodb://localhost/hstation-dev","timestamp":"2014-08-13T11:14:34.827Z"}
{"level":"info","message":"Express server listening on 9000, in development mode","timestamp":"2014-08-13T11:15:21.664Z"}
{"level":"info","message":"Mongoose connection open to mongodb://localhost/hstation-dev","timestamp":"2014-08-13T11:15:21.676Z"}
{"level":"info","message":"Express server listening on 9000, in development mode","timestamp":"2014-08-13T11:16:18.301Z"}
{"level":"info","message":"Mongoose connection open to mongodb://localhost/hstation-dev","timestamp":"2014-08-13T11:16:18.315Z"}
{"level":"info","message":"Express server listening on 9000, in development mode","timestamp":"2014-08-13T11:16:42.329Z"}
{"level":"info","message":"Mongoose connection open to mongodb://localhost/hstation-dev","timestamp":"2014-08-13T11:16:42.346Z"}
{"level":"info","message":"Mongoose disconnected","timestamp":"2014-08-13T11:25:12.183Z"}
{"level":"info","message":"Express server listening on 9000, in development mode","timestamp":"2014-08-18T04:01:04.257Z"}
{"level":"info","message":"Mongoose connection open to mongodb://localhost/hstation-dev","timestamp":"2014-08-18T04:01:04.272Z"}
{"level":"info","message":"Mongoose disconnected","timestamp":"2014-08-18T04:51:22.929Z"}
{"level":"info","message":"Express server listening on 9000, in development mode","timestamp":"2014-08-18T09:39:03.451Z"}
{"level":"info","message":"Mongoose connection open to mongodb://localhost/hstation-dev","timestamp":"2014-08-18T09:39:03.465Z"}
{"level":"info","message":"Mongoose disconnected","timestamp":"2014-08-18T09:51:26.919Z"}
{"level":"info","message":"Express server listening on 9000, in development mode","timestamp":"2014-08-18T09:51:30.240Z"}
{"level":"info","message":"Mongoose connection open to mongodb://localhost/hstation-dev","timestamp":"2014-08-18T09:51:30.253Z"}
{"level":"info","message":"Mongoose disconnected","timestamp":"2014-08-18T09:53:08.690Z"}
{"level":"info","message":"Express server listening on 9000, in development mode","timestamp":"2014-08-18T09:53:11.937Z"}
{"level":"info","message":"Mongoose connection open to mongodb://localhost/hstation-dev","timestamp":"2014-08-18T09:53:11.951Z"}
{"level":"info","message":"Mongoose disconnected","timestamp":"2014-08-18T09:54:30.088Z"}
{"level":"info","message":"Express server listening on 9000, in development mode","timestamp":"2014-08-18T09:54:34.509Z"}
{"level":"info","message":"Mongoose connection open to mongodb://localhost/hstation-dev","timestamp":"2014-08-18T09:54:34.524Z"}
{"level":"info","message":"Mongoose disconnected","timestamp":"2014-08-18T11:25:48.704Z"}
{"level":"info","message":"Express server listening on 9000, in development mode","timestamp":"2014-08-18T11:25:51.827Z"}
{"level":"info","message":"Mongoose connection open to mongodb://localhost/hstation-dev","timestamp":"2014-08-18T11:25:51.840Z"}
{"level":"info","message":"Mongoose disconnected","timestamp":"2014-08-19T09:01:07.404Z"}
{"level":"info","message":"Express server listening on 9000, in development mode","timestamp":"2014-08-23T08:45:17.180Z"}
{"level":"info","message":"Mongoose connection open to mongodb://localhost/hstation-dev","timestamp":"2014-08-23T08:45:17.194Z"}
{"level":"info","message":"Express server listening on 9000, in development mode","timestamp":"2014-08-23T08:47:20.526Z"}
{"level":"info","message":"Mongoose connection open to mongodb://localhost/hstation-dev","timestamp":"2014-08-23T08:47:20.539Z"}
{"level":"info","message":"Express server listening on 9000, in development mode","timestamp":"2014-08-23T08:54:35.740Z"}
{"level":"info","message":"Mongoose connection open to mongodb://localhost/hstation-dev","timestamp":"2014-08-23T08:54:35.754Z"}
{"level":"info","message":"Express server listening on 9000, in development mode","timestamp":"2014-08-23T08:55:05.719Z"}
{"level":"info","message":"Mongoose connection open to mongodb://localhost/hstation-dev","timestamp":"2014-08-23T08:55:05.732Z"}
{"level":"info","message":"Express server listening on 9000, in development mode","timestamp":"2014-08-23T08:55:11.058Z"}
{"level":"info","message":"Mongoose connection open to mongodb://localhost/hstation-dev","timestamp":"2014-08-23T08:55:11.072Z"}
{"level":"info","message":"Express server listening on 9000, in development mode","timestamp":"2014-08-23T08:55:53.554Z"}
{"level":"info","message":"Mongoose connection open to mongodb://localhost/hstation-dev","timestamp":"2014-08-23T08:55:53.570Z"}
{"level":"info","message":"Mongoose disconnected","timestamp":"2014-08-23T08:56:01.856Z"}
{"level":"info","message":"Express server listening on 9000, in development mode","timestamp":"2014-08-23T08:56:05.108Z"}
{"level":"info","message":"Mongoose connection open to mongodb://localhost/hstation-dev","timestamp":"2014-08-23T08:56:05.122Z"}
{"level":"info","message":"Express server listening on 9000, in development mode","timestamp":"2014-08-23T08:56:27.824Z"}
{"level":"info","message":"Mongoose connection open to mongodb://localhost/hstation-dev","timestamp":"2014-08-23T08:56:27.843Z"}
{"level":"info","message":"Mongoose disconnected","timestamp":"2014-08-23T08:56:29.802Z"}
{"level":"info","message":"Express server listening on 9000, in development mode","timestamp":"2014-08-23T08:56:33.124Z"}
{"level":"info","message":"Mongoose connection open to mongodb://localhost/hstation-dev","timestamp":"2014-08-23T08:56:33.140Z"}
{"level":"info","message":"Express server listening on 9000, in development mode","timestamp":"2014-08-23T08:57:23.333Z"}
{"level":"info","message":"Mongoose connection open to mongodb://localhost/hstation-dev","timestamp":"2014-08-23T08:57:23.347Z"}
{"level":"info","message":"Express server listening on 9000, in development mode","timestamp":"2014-08-23T08:58:11.907Z"}
{"level":"info","message":"Mongoose connection open to mongodb://localhost/hstation-dev","timestamp":"2014-08-23T08:58:11.920Z"}
{"level":"info","message":"Express server listening on 9000, in development mode","timestamp":"2014-08-23T08:58:21.096Z"}
{"level":"info","message":"Mongoose connection open to mongodb://localhost/hstation-dev","timestamp":"2014-08-23T08:58:21.117Z"}
{"level":"info","message":"Express server listening on 9000, in development mode","timestamp":"2014-08-23T09:02:39.244Z"}
{"level":"info","message":"Mongoose connection open to mongodb://localhost/hstation-dev","timestamp":"2014-08-23T09:02:39.265Z"}
{"level":"info","message":"Express server listening on 9000, in development mode","timestamp":"2014-08-23T09:02:50.089Z"}
{"level":"info","message":"Mongoose connection open to mongodb://localhost/hstation-dev","timestamp":"2014-08-23T09:02:50.104Z"}
{"level":"info","message":"Express server listening on 9000, in development mode","timestamp":"2014-08-23T09:03:13.193Z"}
{"level":"info","message":"Mongoose connection open to mongodb://localhost/hstation-dev","timestamp":"2014-08-23T09:03:13.206Z"}
{"level":"info","message":"Express server listening on 9000, in development mode","timestamp":"2014-08-23T10:32:43.766Z"}
{"level":"info","message":"Mongoose connection open to mongodb://localhost/hstation-dev","timestamp":"2014-08-23T10:32:43.779Z"}
{"level":"info","message":"Express server listening on 9000, in development mode","timestamp":"2014-08-23T10:34:25.491Z"}
{"level":"info","message":"Mongoose connection open to mongodb://localhost/hstation-dev","timestamp":"2014-08-23T10:34:25.505Z"}
{"level":"info","message":"Mongoose disconnected","timestamp":"2014-08-23T22:11:49.144Z"}
{"level":"info","message":"Express server listening on 9000, in development mode","timestamp":"2014-08-23T22:11:53.145Z"}
{"level":"info","message":"Mongoose connection open to mongodb://localhost/hstation-dev","timestamp":"2014-08-23T22:11:53.169Z"}
{"level":"info","message":"Mongoose disconnected","timestamp":"2014-08-23T22:56:37.451Z"}
{"level":"info","message":"Express server listening on 9000, in development mode","timestamp":"2014-08-23T22:56:40.705Z"}
{"level":"info","message":"Mongoose connection open to mongodb://localhost/hstation-dev","timestamp":"2014-08-23T22:56:40.718Z"}
{"level":"info","message":"Mongoose disconnected","timestamp":"2014-08-23T23:04:15.482Z"}
{"level":"info","message":"Express server listening on 9000, in development mode","timestamp":"2014-08-23T23:04:18.668Z"}
{"level":"info","message":"Mongoose connection open to mongodb://localhost/hstation-dev","timestamp":"2014-08-23T23:04:18.683Z"}
{"level":"info","message":"Mongoose disconnected","timestamp":"2014-08-23T23:07:23.054Z"}
{"level":"info","message":"Express server listening on 9000, in development mode","timestamp":"2014-08-23T23:07:26.385Z"}
{"level":"info","message":"Mongoose connection open to mongodb://localhost/hstation-dev","timestamp":"2014-08-23T23:07:26.399Z"}
{"level":"info","message":"Mongoose disconnected","timestamp":"2014-08-23T23:11:13.633Z"}
{"level":"info","message":"Express server listening on 9000, in development mode","timestamp":"2014-08-23T23:11:17.014Z"}
{"level":"info","message":"Mongoose connection open to mongodb://localhost/hstation-dev","timestamp":"2014-08-23T23:11:17.027Z"}
{"level":"info","message":"Mongoose disconnected","timestamp":"2014-08-24T02:48:11.080Z"}
{"level":"info","message":"Express server listening on 9000, in development mode","timestamp":"2014-08-24T02:48:14.691Z"}
{"level":"info","message":"Mongoose connection open to mongodb://localhost/hstation-dev","timestamp":"2014-08-24T02:48:14.708Z"}
{"level":"info","message":"Express server listening on 9000, in development mode","timestamp":"2014-08-24T02:50:54.614Z"}
{"level":"info","message":"Mongoose connection open to mongodb://localhost/hstation-dev","timestamp":"2014-08-24T02:50:54.628Z"}
{"level":"info","message":"Express server listening on 9000, in development mode","timestamp":"2014-08-24T02:51:48.755Z"}
{"level":"info","message":"Mongoose connection open to mongodb://localhost/hstation-dev","timestamp":"2014-08-24T02:51:48.775Z"}
{"level":"info","message":"Express server listening on 9000, in development mode","timestamp":"2014-08-24T02:52:01.907Z"}
{"level":"info","message":"Mongoose connection open to mongodb://localhost/hstation-dev","timestamp":"2014-08-24T02:52:01.921Z"}
{"level":"info","message":"Express server listening on 9000, in development mode","timestamp":"2014-08-24T02:53:52.648Z"}
{"level":"info","message":"Mongoose connection open to mongodb://localhost/hstation-dev","timestamp":"2014-08-24T02:53:52.664Z"}
{"level":"info","message":"Express server listening on 9000, in development mode","timestamp":"2014-08-24T02:56:53.053Z"}
{"level":"info","message":"Mongoose connection open to mongodb://localhost/hstation-dev","timestamp":"2014-08-24T02:56:53.066Z"}
{"level":"info","message":"Express server listening on 9000, in development mode","timestamp":"2014-08-24T02:57:54.169Z"}
{"level":"info","message":"Mongoose connection open to mongodb://localhost/hstation-dev","timestamp":"2014-08-24T02:57:54.183Z"}
{"level":"info","message":"Express server listening on 9000, in development mode","timestamp":"2014-08-24T02:57:58.088Z"}
{"level":"info","message":"Mongoose connection open to mongodb://localhost/hstation-dev","timestamp":"2014-08-24T02:57:58.104Z"}
{"level":"info","message":"Mongoose disconnected","timestamp":"2014-08-24T03:11:01.424Z"}
{"level":"info","message":"Express server listening on 9000, in development mode","timestamp":"2014-08-29T07:47:13.853Z"}
{"level":"info","message":"Mongoose connection open to mongodb://localhost/hstation-dev","timestamp":"2014-08-29T07:47:13.876Z"}
{"level":"info","message":"Express server listening on 9000, in development mode","timestamp":"2014-08-29T10:51:37.051Z"}
{"level":"info","message":"Mongoose connection open to mongodb://localhost/hstation-dev","timestamp":"2014-08-29T10:51:37.064Z"}
{"level":"info","message":"Express server listening on 9000, in development mode","timestamp":"2014-08-29T10:51:40.757Z"}
{"level":"info","message":"Mongoose connection open to mongodb://localhost/hstation-dev","timestamp":"2014-08-29T10:51:40.772Z"}
{"level":"info","message":"Express server listening on 9000, in development mode","timestamp":"2014-08-29T10:52:04.942Z"}
{"level":"info","message":"Mongoose connection open to mongodb://localhost/hstation-dev","timestamp":"2014-08-29T10:52:04.956Z"}
{"level":"info","message":"Express server listening on 9000, in development mode","timestamp":"2014-08-29T10:52:31.721Z"}
{"level":"info","message":"Mongoose connection open to mongodb://localhost/hstation-dev","timestamp":"2014-08-29T10:52:31.738Z"}
{"level":"info","message":"Express server listening on 9000, in development mode","timestamp":"2014-08-29T10:54:50.441Z"}
{"level":"info","message":"Mongoose connection open to mongodb://localhost/hstation-dev","timestamp":"2014-08-29T10:54:50.454Z"}
{"level":"info","message":"Express server listening on 9000, in development mode","timestamp":"2014-08-29T10:57:50.422Z"}
{"level":"info","message":"Mongoose connection open to mongodb://localhost/hstation-dev","timestamp":"2014-08-29T10:57:50.453Z"}
{"level":"info","message":"Express server listening on 9000, in development mode","timestamp":"2014-08-29T11:09:26.547Z"}
{"level":"info","message":"Mongoose connection open to mongodb://localhost/hstation-dev","timestamp":"2014-08-29T11:09:26.560Z"}
{"level":"info","message":"Express server listening on 9000, in development mode","timestamp":"2014-08-29T11:09:51.016Z"}
{"level":"info","message":"Mongoose connection open to mongodb://localhost/hstation-dev","timestamp":"2014-08-29T11:09:51.030Z"}
{"level":"info","message":"Express server listening on 9000, in development mode","timestamp":"2014-08-29T11:20:19.928Z"}
{"level":"info","message":"Mongoose connection open to mongodb://localhost/hstation-dev","timestamp":"2014-08-29T11:20:19.941Z"}
{"level":"info","message":"Express server listening on 9000, in development mode","timestamp":"2014-08-29T11:20:34.080Z"}
{"level":"info","message":"Mongoose connection open to mongodb://localhost/hstation-dev","timestamp":"2014-08-29T11:20:34.093Z"}
{"level":"info","message":"Express server listening on 9000, in development mode","timestamp":"2014-08-29T11:20:41.107Z"}
{"level":"info","message":"Mongoose connection open to mongodb://localhost/hstation-dev","timestamp":"2014-08-29T11:20:41.120Z"}
{"level":"info","message":"Mongoose disconnected","timestamp":"2014-08-29T11:37:56.102Z"}
{"level":"info","message":"Express server listening on 9000, in development mode","timestamp":"2014-08-29T11:37:59.397Z"}
{"level":"info","message":"Mongoose connection open to mongodb://localhost/hstation-dev","timestamp":"2014-08-29T11:37:59.410Z"}
{"level":"info","message":"Express server listening on 9000, in development mode","timestamp":"2014-08-29T11:38:27.984Z"}
{"level":"info","message":"Mongoose connection open to mongodb://localhost/hstation-dev","timestamp":"2014-08-29T11:38:27.999Z"}
{"level":"info","message":"Mongoose disconnected","timestamp":"2014-08-29T11:38:28.975Z"}
{"level":"info","message":"Express server listening on 9000, in development mode","timestamp":"2014-08-29T11:38:32.159Z"}
{"level":"info","message":"Mongoose connection open to mongodb://localhost/hstation-dev","timestamp":"2014-08-29T11:38:32.173Z"}
{"level":"info","message":"Mongoose disconnected","timestamp":"2014-08-29T11:45:51.270Z"}
{"level":"info","message":"Express server listening on 9000, in development mode","timestamp":"2014-08-29T11:45:54.521Z"}
{"level":"info","message":"Mongoose connection open to mongodb://localhost/hstation-dev","timestamp":"2014-08-29T11:45:54.534Z"}
{"level":"info","message":"Mongoose disconnected","timestamp":"2014-08-29T11:49:35.343Z"}
{"level":"info","message":"Express server listening on 9000, in development mode","timestamp":"2014-08-31T09:55:40.266Z"}
{"level":"info","message":"Mongoose connection open to mongodb://localhost/hstation-dev","timestamp":"2014-08-31T09:55:40.288Z"}
{"level":"info","message":"Express server listening on 9000, in development mode","timestamp":"2014-08-31T17:04:21.257Z"}
{"level":"info","message":"Mongoose connection open to mongodb://localhost/hstation-dev","timestamp":"2014-08-31T17:04:21.273Z"}
{"level":"info","message":"Express server listening on 9000, in development mode","timestamp":"2014-08-31T17:07:47.250Z"}
{"level":"info","message":"Mongoose connection open to mongodb://localhost/hstation-dev","timestamp":"2014-08-31T17:07:47.262Z"}
{"level":"info","message":"Express server listening on 9000, in development mode","timestamp":"2014-08-31T17:08:03.682Z"}
{"level":"info","message":"Mongoose connection open to mongodb://localhost/hstation-dev","timestamp":"2014-08-31T17:08:03.696Z"}
{"level":"info","message":"Express server listening on 9000, in development mode","timestamp":"2014-08-31T17:14:38.609Z"}
{"level":"info","message":"Mongoose connection open to mongodb://localhost/hstation-dev","timestamp":"2014-08-31T17:14:38.623Z"}
{"level":"info","message":"Express server listening on 9000, in development mode","timestamp":"2014-08-31T17:15:35.400Z"}
{"level":"info","message":"Mongoose connection open to mongodb://localhost/hstation-dev","timestamp":"2014-08-31T17:15:35.413Z"}
{"level":"info","message":"Mongoose disconnected","timestamp":"2014-09-01T07:58:45.548Z"}
{"level":"info","message":"Express server listening on 9000, in development mode","timestamp":"2014-09-01T07:58:49.151Z"}
{"level":"info","message":"Mongoose connection open to mongodb://localhost/hstation-dev","timestamp":"2014-09-01T07:58:49.166Z"}
{"level":"info","message":"Express server listening on 9000, in development mode","timestamp":"2014-09-01T09:06:31.195Z"}
{"level":"info","message":"Mongoose connection open to mongodb://localhost/hstation-dev","timestamp":"2014-09-01T09:06:31.208Z"}
{"level":"info","message":"Express server listening on 9000, in development mode","timestamp":"2014-09-01T09:06:52.794Z"}
{"level":"info","message":"Mongoose connection open to mongodb://localhost/hstation-dev","timestamp":"2014-09-01T09:06:52.807Z"}
{"level":"info","message":"Express server listening on 9000, in development mode","timestamp":"2014-09-01T09:09:36.340Z"}
{"level":"info","message":"Mongoose connection open to mongodb://localhost/hstation-dev","timestamp":"2014-09-01T09:09:36.353Z"}
{"level":"info","message":"Express server listening on 9000, in development mode","timestamp":"2014-09-01T09:10:01.238Z"}
{"level":"info","message":"Mongoose connection open to mongodb://localhost/hstation-dev","timestamp":"2014-09-01T09:10:01.251Z"}
{"level":"info","message":"Express server listening on 9000, in development mode","timestamp":"2014-09-01T09:10:43.965Z"}
{"level":"info","message":"Mongoose connection open to mongodb://localhost/hstation-dev","timestamp":"2014-09-01T09:10:43.980Z"}
{"level":"info","message":"Express server listening on 9000, in development mode","timestamp":"2014-09-01T09:16:40.643Z"}
{"level":"info","message":"Mongoose connection open to mongodb://localhost/hstation-dev","timestamp":"2014-09-01T09:16:40.663Z"}
{"level":"info","message":"Express server listening on 9000, in development mode","timestamp":"2014-09-01T09:16:45.034Z"}
{"level":"info","message":"Mongoose connection open to mongodb://localhost/hstation-dev","timestamp":"2014-09-01T09:16:45.047Z"}
{"level":"info","message":"Express server listening on 9000, in development mode","timestamp":"2014-09-01T09:17:05.118Z"}
{"level":"info","message":"Mongoose connection open to mongodb://localhost/hstation-dev","timestamp":"2014-09-01T09:17:05.131Z"}
{"level":"info","message":"Express server listening on 9000, in development mode","timestamp":"2014-09-01T09:17:38.144Z"}
{"level":"info","message":"Mongoose connection open to mongodb://localhost/hstation-dev","timestamp":"2014-09-01T09:17:38.161Z"}
{"level":"info","message":"Express server listening on 9000, in development mode","timestamp":"2014-09-01T10:31:22.248Z"}
{"level":"info","message":"Mongoose connection open to mongodb://localhost/hstation-dev","timestamp":"2014-09-01T10:31:22.261Z"}
{"level":"info","message":"Express server listening on 9000, in development mode","timestamp":"2014-09-01T10:33:13.226Z"}
{"level":"info","message":"Mongoose connection open to mongodb://localhost/hstation-dev","timestamp":"2014-09-01T10:33:13.240Z"}
{"level":"info","message":"Express server listening on 9000, in development mode","timestamp":"2014-09-01T10:34:01.817Z"}
{"level":"info","message":"Mongoose connection open to mongodb://localhost/hstation-dev","timestamp":"2014-09-01T10:34:01.829Z"}
{"level":"info","message":"Express server listening on 9000, in development mode","timestamp":"2014-09-01T10:34:37.622Z"}
{"level":"info","message":"Mongoose connection open to mongodb://localhost/hstation-dev","timestamp":"2014-09-01T10:34:37.635Z"}
{"level":"info","message":"Express server listening on 9000, in development mode","timestamp":"2014-09-01T10:34:55.910Z"}
{"level":"info","message":"Mongoose connection open to mongodb://localhost/hstation-dev","timestamp":"2014-09-01T10:34:55.922Z"}
{"level":"info","message":"Express server listening on 9000, in development mode","timestamp":"2014-09-01T10:36:54.666Z"}
{"level":"info","message":"Mongoose connection open to mongodb://localhost/hstation-dev","timestamp":"2014-09-01T10:36:54.681Z"}
{"level":"info","message":"Express server listening on 9000, in development mode","timestamp":"2014-09-02T09:25:10.598Z"}
{"level":"info","message":"Mongoose connection open to mongodb://localhost/hstation-dev","timestamp":"2014-09-02T09:25:10.611Z"}
{"level":"info","message":"Express server listening on 9000, in development mode","timestamp":"2014-09-02T09:42:21.095Z"}
{"level":"info","message":"Mongoose connection open to mongodb://localhost/hstation-dev","timestamp":"2014-09-02T09:42:21.111Z"}
{"level":"info","message":"Express server listening on 9000, in development mode","timestamp":"2014-09-02T09:43:00.256Z"}
{"level":"info","message":"Mongoose connection open to mongodb://localhost/hstation-dev","timestamp":"2014-09-02T09:43:00.271Z"}
{"level":"info","message":"Express server listening on 9000, in development mode","timestamp":"2014-09-02T09:43:03.995Z"}
{"level":"info","message":"Mongoose connection open to mongodb://localhost/hstation-dev","timestamp":"2014-09-02T09:43:04.009Z"}
{"level":"info","message":"Mongoose disconnected","timestamp":"2014-09-02T09:43:19.969Z"}
{"level":"info","message":"Express server listening on 9000, in development mode","timestamp":"2014-09-02T09:43:23.391Z"}
{"level":"info","message":"Mongoose connection open to mongodb://localhost/hstation-dev","timestamp":"2014-09-02T09:43:23.405Z"}
{"level":"info","message":"Express server listening on 9000, in development mode","timestamp":"2014-09-02T09:49:41.804Z"}
{"level":"info","message":"Mongoose connection open to mongodb://localhost/hstation-dev","timestamp":"2014-09-02T09:49:41.817Z"}
{"level":"info","message":"Express server listening on 9000, in development mode","timestamp":"2014-09-02T09:58:19.886Z"}
{"level":"info","message":"Mongoose connection open to mongodb://localhost/hstation-dev","timestamp":"2014-09-02T09:58:19.899Z"}
{"level":"info","message":"Express server listening on 9000, in development mode","timestamp":"2014-09-02T09:59:01.932Z"}
{"level":"info","message":"Mongoose connection open to mongodb://localhost/hstation-dev","timestamp":"2014-09-02T09:59:01.945Z"}
{"level":"info","message":"Mongoose disconnected","timestamp":"2014-09-02T09:59:44.714Z"}
{"level":"info","message":"Express server listening on 9000, in development mode","timestamp":"2014-09-02T09:59:48.025Z"}
{"level":"info","message":"Mongoose connection open to mongodb://localhost/hstation-dev","timestamp":"2014-09-02T09:59:48.041Z"}
{"level":"info","message":"Express server listening on 9000, in development mode","timestamp":"2014-09-02T10:00:30.042Z"}
{"level":"info","message":"Mongoose connection open to mongodb://localhost/hstation-dev","timestamp":"2014-09-02T10:00:30.055Z"}
{"level":"info","message":"Express server listening on 9000, in development mode","timestamp":"2014-09-02T10:00:59.411Z"}
{"level":"info","message":"Mongoose connection open to mongodb://localhost/hstation-dev","timestamp":"2014-09-02T10:00:59.424Z"}
{"level":"info","message":"Express server listening on 9000, in development mode","timestamp":"2014-09-02T10:03:46.039Z"}
{"level":"info","message":"Mongoose connection open to mongodb://localhost/hstation-dev","timestamp":"2014-09-02T10:03:46.052Z"}
{"level":"info","message":"Express server listening on 9000, in development mode","timestamp":"2014-09-02T10:05:38.960Z"}
{"level":"info","message":"Mongoose connection open to mongodb://localhost/hstation-dev","timestamp":"2014-09-02T10:05:38.973Z"}
{"level":"info","message":"Express server listening on 9000, in development mode","timestamp":"2014-09-02T10:10:58.551Z"}
{"level":"info","message":"Mongoose connection open to mongodb://localhost/hstation-dev","timestamp":"2014-09-02T10:10:58.567Z"}
{"level":"info","message":"Express server listening on 9000, in development mode","timestamp":"2014-09-02T10:18:43.550Z"}
{"level":"info","message":"Mongoose connection open to mongodb://localhost/hstation-dev","timestamp":"2014-09-02T10:18:43.564Z"}
{"level":"info","message":"Settings default values for setting","timestamp":"2014-09-02T10:18:43.574Z"}
{"level":"info","message":"Settings schema empty","timestamp":"2014-09-02T10:18:43.574Z"}
{"level":"info","message":"Mongoose disconnected","timestamp":"2014-09-02T10:22:09.553Z"}
{"level":"info","message":"Express server listening on 9000, in development mode","timestamp":"2014-09-02T10:22:12.887Z"}
{"level":"info","message":"Mongoose connection open to mongodb://localhost/hstation-dev","timestamp":"2014-09-02T10:22:12.901Z"}
{"level":"info","message":"Settings default values for setting","timestamp":"2014-09-02T10:22:12.910Z"}
{"level":"info","message":"Settings schema empty","timestamp":"2014-09-02T10:22:12.910Z"}
{"level":"info","message":"Express server listening on 9000, in development mode","timestamp":"2014-09-02T10:23:24.722Z"}
{"level":"info","message":"Mongoose connection open to mongodb://localhost/hstation-dev","timestamp":"2014-09-02T10:23:24.735Z"}
{"level":"info","message":"Settings default values for setting","timestamp":"2014-09-02T10:23:24.746Z"}
{"level":"info","message":"Looks like the the Settings collection is empty","timestamp":"2014-09-02T10:23:24.746Z"}
{"level":"info","message":"Mongoose disconnected","timestamp":"2014-09-02T10:24:13.921Z"}
{"level":"info","message":"Express server listening on 9000, in development mode","timestamp":"2014-09-02T10:24:17.184Z"}
{"level":"info","message":"Mongoose connection open to mongodb://localhost/hstation-dev","timestamp":"2014-09-02T10:24:17.198Z"}
{"level":"info","message":"Settings default values for setting","timestamp":"2014-09-02T10:24:17.207Z"}
{"level":"info","message":"Looks like the the Settings collection is empty","timestamp":"2014-09-02T10:24:17.207Z"}
{"level":"info","message":"User collection empty so added default admin user","timestamp":"2014-09-02T10:24:17.587Z"}
{"level":"info","message":"Express server listening on 9000, in development mode","timestamp":"2014-09-02T10:26:42.749Z"}
{"level":"info","message":"Mongoose connection open to mongodb://localhost/hstation-dev","timestamp":"2014-09-02T10:26:42.762Z"}
{"level":"info","message":"Set default values for setting","timestamp":"2014-09-02T10:26:42.771Z"}
{"level":"info","message":"Express server listening on 9000, in development mode","timestamp":"2014-09-02T10:34:48.172Z"}
{"level":"info","message":"Mongoose connection open to mongodb://localhost/hstation-dev","timestamp":"2014-09-02T10:34:48.187Z"}
{"level":"info","message":"Set default values for setting","timestamp":"2014-09-02T10:34:48.199Z"}
{"level":"info","message":"Express server listening on 9000, in development mode","timestamp":"2014-09-02T10:36:01.635Z"}
{"level":"info","message":"Mongoose connection open to mongodb://localhost/hstation-dev","timestamp":"2014-09-02T10:36:01.648Z"}
{"level":"info","message":"Express server listening on 9000, in development mode","timestamp":"2014-09-02T10:38:34.744Z"}
{"level":"info","message":"Mongoose connection open to mongodb://localhost/hstation-dev","timestamp":"2014-09-02T10:38:34.757Z"}
{"level":"info","message":"Set default values for setting","timestamp":"2014-09-02T10:38:34.769Z"}
{"level":"info","message":"Settings collection empty so added default values","timestamp":"2014-09-02T10:38:34.780Z"}
{"level":"info","message":"Express server listening on 9000, in development mode","timestamp":"2014-09-02T10:41:47.226Z"}
{"level":"info","message":"Mongoose connection open to mongodb://localhost/hstation-dev","timestamp":"2014-09-02T10:41:47.242Z"}
{"level":"info","message":"Express server listening on 9000, in development mode","timestamp":"2014-09-02T10:42:32.117Z"}
{"level":"info","message":"Mongoose connection open to mongodb://localhost/hstation-dev","timestamp":"2014-09-02T10:42:32.130Z"}
{"level":"info","message":"Express server listening on 9000, in development mode","timestamp":"2014-09-02T10:45:10.641Z"}
{"level":"info","message":"Mongoose connection open to mongodb://localhost/hstation-dev","timestamp":"2014-09-02T10:45:10.655Z"}
{"level":"info","message":"Express server listening on 9000, in development mode","timestamp":"2014-09-02T10:45:33.089Z"}
{"level":"info","message":"Mongoose connection open to mongodb://localhost/hstation-dev","timestamp":"2014-09-02T10:45:33.103Z"}
{"level":"info","message":"Mongoose disconnected","timestamp":"2014-09-02T10:45:33.838Z"}
{"level":"info","message":"Express server listening on 9000, in development mode","timestamp":"2014-09-02T10:45:37.158Z"}
{"level":"info","message":"Mongoose connection open to mongodb://localhost/hstation-dev","timestamp":"2014-09-02T10:45:37.171Z"}
{"level":"info","message":"Express server listening on 9000, in development mode","timestamp":"2014-09-02T10:46:02.027Z"}
{"level":"info","message":"Mongoose connection open to mongodb://localhost/hstation-dev","timestamp":"2014-09-02T10:46:02.041Z"}
{"level":"info","message":"Express server listening on 9000, in development mode","timestamp":"2014-09-02T10:46:42.646Z"}
{"level":"info","message":"Mongoose connection open to mongodb://localhost/hstation-dev","timestamp":"2014-09-02T10:46:42.660Z"}
{"level":"info","message":"Express server listening on 9000, in development mode","timestamp":"2014-09-02T10:47:10.186Z"}
{"level":"info","message":"Mongoose connection open to mongodb://localhost/hstation-dev","timestamp":"2014-09-02T10:47:10.200Z"}
{"level":"info","message":"Express server listening on 9000, in development mode","timestamp":"2014-09-02T10:47:33.126Z"}
{"level":"info","message":"Mongoose connection open to mongodb://localhost/hstation-dev","timestamp":"2014-09-02T10:47:33.139Z"}
{"level":"info","message":"Express server listening on 9000, in development mode","timestamp":"2014-09-02T10:47:51.118Z"}
{"level":"info","message":"Mongoose connection open to mongodb://localhost/hstation-dev","timestamp":"2014-09-02T10:47:51.132Z"}
{"level":"info","message":"Mongoose disconnected","timestamp":"2014-09-02T11:15:32.267Z"}
{"level":"info","message":"Express server listening on 9000, in development mode","timestamp":"2014-09-03T10:05:36.474Z"}
{"level":"info","message":"Mongoose connection open to mongodb://localhost/hstation-dev","timestamp":"2014-09-03T10:05:36.488Z"}
{"level":"info","message":"Express server listening on 9000, in development mode","timestamp":"2014-09-03T11:06:16.028Z"}
{"level":"info","message":"Mongoose connection open to mongodb://localhost/hstation-dev","timestamp":"2014-09-03T11:06:16.046Z"}
{"level":"info","message":"Express server listening on 9000, in development mode","timestamp":"2014-09-03T11:14:15.403Z"}
{"level":"info","message":"Mongoose connection open to mongodb://localhost/hstation-dev","timestamp":"2014-09-03T11:14:15.419Z"}
{"level":"info","message":"Express server listening on 9000, in development mode","timestamp":"2014-09-03T11:16:10.513Z"}
{"level":"info","message":"Mongoose connection open to mongodb://localhost/hstation-dev","timestamp":"2014-09-03T11:16:10.532Z"}
{"level":"info","message":"Express server listening on 9000, in development mode","timestamp":"2014-09-03T11:56:50.637Z"}
{"level":"info","message":"Mongoose connection open to mongodb://localhost/hstation-dev","timestamp":"2014-09-03T11:56:50.650Z"}
{"level":"info","message":"Express server listening on 9000, in development mode","timestamp":"2014-09-03T11:57:14.535Z"}
{"level":"info","message":"Mongoose connection open to mongodb://localhost/hstation-dev","timestamp":"2014-09-03T11:57:14.548Z"}
{"level":"info","message":"Express server listening on 9000, in development mode","timestamp":"2014-09-03T11:59:22.454Z"}
{"level":"info","message":"Mongoose connection open to mongodb://localhost/hstation-dev","timestamp":"2014-09-03T11:59:22.468Z"}
{"level":"info","message":"Express server listening on 9000, in development mode","timestamp":"2014-09-03T12:00:00.594Z"}
{"level":"info","message":"Mongoose connection open to mongodb://localhost/hstation-dev","timestamp":"2014-09-03T12:00:00.609Z"}
{"level":"info","message":"Mongoose disconnected","timestamp":"2014-09-03T12:03:25.154Z"}
